<?xml version="1.0" encoding="UTF-8"?>
<!-- Generated by org.testng.reporters.JUnitReportReporter -->
<testsuite skipped="0" hostname="DESKTOP-8I83B01" name="com.jbk.test.DashboardTest" tests="2" failures="0" timestamp="8 Oct 2021 09:12:21 GMT" time="0.446" errors="0">
  <testcase name="validateCourse" time="0.436" classname="com.jbk.test.DashboardTest"/>
  <testcase name="verifyValidLogin" time="0.010" classname="com.jbk.test.DashboardTest"/>
</testsuite> <!-- com.jbk.test.DashboardTest -->
