<?xml version="1.0" encoding="UTF-8"?>
<!-- Generated by org.testng.reporters.JUnitReportReporter -->
<testsuite skipped="0" hostname="DESKTOP-8I83B01" name="com.jbk.test.LoginTest" tests="4" failures="0" timestamp="8 Oct 2021 09:12:21 GMT" time="0.266" errors="0">
  <testcase name="validateTitle" time="0.053" classname="com.jbk.test.LoginTest"/>
  <testcase name="validateTitle2" time="0.032" classname="com.jbk.test.LoginTest"/>
  <testcase name="validateTitle1" time="0.035" classname="com.jbk.test.LoginTest"/>
  <testcase name="validateHeading" time="0.146" classname="com.jbk.test.LoginTest"/>
</testsuite> <!-- com.jbk.test.LoginTest -->
