<?xml version="1.0" encoding="UTF-8"?>
<!-- Generated by org.testng.reporters.JUnitReportReporter -->
<testsuite skipped="0" hostname="DESKTOP-8I83B01" name="com.jbk.test.UserPageTest" tests="2" failures="0" timestamp="8 Oct 2021 09:12:21 GMT" time="0.143" errors="0">
  <testcase name="validate_user_page" time="0.136" classname="com.jbk.test.UserPageTest"/>
  <testcase name="verify_user_page" time="0.007" classname="com.jbk.test.UserPageTest"/>
</testsuite> <!-- com.jbk.test.UserPageTest -->
